###############################################################
#  Generated by:      Cadence Innovus 21.35-s114_1
#  OS:                Linux x86_64(Host ID mcad3.imse-cnm.csic.es)
#  Generated on:      Fri Mar 21 23:05:04 2025
#  Design:            mult_seq
#  Command:           verifyMetalDensity
###############################################################

Verify Density report created on Fri Mar 21 23:05:04 2025

###############################################################
# Layer       M1 - Window size      : 100.0um X 100.0um
# Layer       M1 - Window step      : 50.0um X 50.0um
# Layer       M1 - Min Density      : 20%
# Layer       M1 - Pref Density     : 35%
# Layer       M1 - Max Density      : 80%
# Layer       M1 - Ext Density      : 35%
# Layer       M2 - Window size      : 100.0um X 100.0um
# Layer       M2 - Window step      : 50.0um X 50.0um
# Layer       M2 - Min Density      : 20%
# Layer       M2 - Pref Density     : 35%
# Layer       M2 - Max Density      : 80%
# Layer       M2 - Ext Density      : 35%
# Layer       M3 - Window size      : 100.0um X 100.0um
# Layer       M3 - Window step      : 50.0um X 50.0um
# Layer       M3 - Min Density      : 20%
# Layer       M3 - Pref Density     : 35%
# Layer       M3 - Max Density      : 80%
# Layer       M3 - Ext Density      : 35%
# Layer       M4 - Window size      : 100.0um X 100.0um
# Layer       M4 - Window step      : 50.0um X 50.0um
# Layer       M4 - Min Density      : 20%
# Layer       M4 - Pref Density     : 35%
# Layer       M4 - Max Density      : 80%
# Layer       M4 - Ext Density      : 35%
# Layer       M5 - Window size      : 100.0um X 100.0um
# Layer       M5 - Window step      : 50.0um X 50.0um
# Layer       M5 - Min Density      : 20%
# Layer       M5 - Pref Density     : 35%
# Layer       M5 - Max Density      : 80%
# Layer       M5 - Ext Density      : 35%
###############################################################


    Layer    Density(%)          Window  
***************************************************

      M5        0.08    (0 0) (100 100)
      M5        1.01    (50 0) (150 100)
      M5        1.73    (100 0) (200 100)
      M5        0.96    (150 0) (250 100)
      M5        0.65    (169.28 0) (269.28 100)
      M5        0.21    (0 50) (100 150)
      M5        2.70    (50 50) (150 150)
      M5        3.31    (100 50) (200 150)
      M5        3.41    (150 50) (250 150)
      M5        4.23    (169.28 50) (269.28 150)
      M5        0.21    (0 100) (100 200)
      M5        2.45    (50 100) (150 200)
      M5        3.70    (100 100) (200 200)
      M5        5.24    (150 100) (250 200)
      M5        6.37    (169.28 100) (269.28 200)
      M5        0.00    (0 150) (100 250)
      M5        0.90    (50 150) (150 250)
      M5        2.34    (100 150) (200 250)
      M5        2.86    (150 150) (250 250)
      M5        2.86    (169.28 150) (269.28 250)
      M5        0.00    (0 167.14) (100 267.14)
      M5        0.79    (50 167.14) (150 267.14)
      M5        2.00    (100 167.14) (200 267.14)
      M5        1.83    (150 167.14) (250 267.14)
      M5        1.52    (169.28 167.14) (269.28 267.14)

      M4        0.34    (0 0) (100 100)
      M4        2.31    (50 0) (150 100)
      M4        3.05    (100 0) (200 100)
      M4        1.25    (150 0) (250 100)
      M4        0.65    (169.28 0) (269.28 100)
      M4        0.48    (0 50) (100 150)
      M4        4.73    (50 50) (150 150)
      M4        5.77    (100 50) (200 150)
      M4        2.05    (150 50) (250 150)
      M4        1.29    (169.28 50) (269.28 150)
      M4        0.37    (0 100) (100 200)
      M4        5.03    (50 100) (150 200)
      M4        5.93    (100 100) (200 200)
      M4        2.01    (150 100) (250 200)
      M4        1.16    (169.28 100) (269.28 200)
      M4        0.20    (0 150) (100 250)
      M4        2.49    (50 150) (150 250)
      M4        3.28    (100 150) (200 250)
      M4        1.38    (150 150) (250 250)
      M4        0.53    (169.28 150) (269.28 250)
      M4        0.12    (0 167.14) (100 267.14)
      M4        1.59    (50 167.14) (150 267.14)
      M4        2.39    (100 167.14) (200 267.14)
      M4        1.17    (150 167.14) (250 267.14)
      M4        0.37    (169.28 167.14) (269.28 267.14)

      M3        1.06    (0 0) (100 100)
      M3        3.16    (50 0) (150 100)
      M3        4.23    (100 0) (200 100)
      M3        2.55    (150 0) (250 100)
      M3        1.67    (169.28 0) (269.28 100)
      M3        2.19    (0 50) (100 150)
      M3        5.69    (50 50) (150 150)
      M3        6.49    (100 50) (200 150)
      M3        4.54    (150 50) (250 150)
      M3        4.16    (169.28 50) (269.28 150)
      M3        2.69    (0 100) (100 200)
      M3        6.02    (50 100) (150 200)
      M3        6.87    (100 100) (200 200)
      M3        5.45    (150 100) (250 200)
      M3        5.24    (169.28 100) (269.28 200)
      M3        1.79    (0 150) (100 250)
      M3        4.04    (50 150) (150 250)
      M3        4.80    (100 150) (200 250)
      M3        3.36    (150 150) (250 250)
      M3        2.68    (169.28 150) (269.28 250)
      M3        1.12    (0 167.14) (100 267.14)
      M3        3.24    (50 167.14) (150 267.14)
      M3        4.02    (100 167.14) (200 267.14)
      M3        2.46    (150 167.14) (250 267.14)
      M3        1.71    (169.28 167.14) (269.28 267.14)

      M2       11.75    (0 0) (100 100)
      M2        4.60    (50 0) (150 100)
      M2        6.20    (100 0) (200 100)
      M2       13.94    (150 0) (250 100)
      M2       12.85    (169.28 0) (269.28 100)
      M2       16.53    (0 50) (100 150)
      M2        8.52    (50 50) (150 150)
      M2       10.74    (100 50) (200 150)
      M2       19.93    (150 50) (250 150)
      M2       18.07    (169.28 50) (269.28 150)
      M2       17.00    (0 100) (100 200)
      M2        9.13    (50 100) (150 200)
      M2       10.94    (100 100) (200 200)
      M2       18.11    (169.28 100) (269.28 200)
      M2       15.03    (0 150) (100 250)
      M2        6.32    (50 150) (150 250)
      M2        7.73    (100 150) (200 250)
      M2       17.29    (150 150) (250 250)
      M2       15.78    (169.28 150) (269.28 250)
      M2       12.03    (0 167.14) (100 267.14)
      M2        4.86    (50 167.14) (150 267.14)
      M2        6.04    (100 167.14) (200 267.14)
      M2       13.91    (150 167.14) (250 267.14)
      M2       12.70    (169.28 167.14) (269.28 267.14)

      M1       16.64    (0 0) (100 100)
      M1       17.55    (169.28 0) (269.28 100)
      M1        9.52    (0 50) (100 150)
      M1       17.74    (50 50) (150 150)
      M1       19.63    (100 50) (200 150)
      M1       15.10    (150 50) (250 150)
      M1       11.23    (169.28 50) (269.28 150)
      M1        9.90    (0 100) (100 200)
      M1       18.29    (50 100) (150 200)
      M1       15.88    (150 100) (250 200)
      M1       11.95    (169.28 100) (269.28 200)
      M1       18.42    (0 150) (100 250)
      M1       19.99    (169.28 150) (269.28 250)
      M1       16.47    (0 167.14) (100 267.14)
      M1       17.49    (169.28 167.14) (269.28 267.14)


A total of 114 density violation(s).
Windows < Min. Density = 114
Windows > Max. Density = 0
Windows < Min. Union. Density = 0
Windows > Max. Union. Density = 0
