###############################################################
#  Generated by:      Cadence Innovus 21.35-s114_1
#  OS:                Linux x86_64(Host ID mcad1.imse-cnm.csic.es)
#  Generated on:      Sat Mar 22 17:51:11 2025
#  Design:            processing_unit
#  Command:           verifyMetalDensity
###############################################################

Verify Density report created on Sat Mar 22 17:51:11 2025

###############################################################
# Layer       M1 - Window size      : 100.0um X 100.0um
# Layer       M1 - Window step      : 50.0um X 50.0um
# Layer       M1 - Min Density      : 20%
# Layer       M1 - Pref Density     : 35%
# Layer       M1 - Max Density      : 80%
# Layer       M1 - Ext Density      : 35%
# Layer       M2 - Window size      : 100.0um X 100.0um
# Layer       M2 - Window step      : 50.0um X 50.0um
# Layer       M2 - Min Density      : 20%
# Layer       M2 - Pref Density     : 35%
# Layer       M2 - Max Density      : 80%
# Layer       M2 - Ext Density      : 35%
# Layer       M3 - Window size      : 100.0um X 100.0um
# Layer       M3 - Window step      : 50.0um X 50.0um
# Layer       M3 - Min Density      : 20%
# Layer       M3 - Pref Density     : 35%
# Layer       M3 - Max Density      : 80%
# Layer       M3 - Ext Density      : 35%
# Layer       M4 - Window size      : 100.0um X 100.0um
# Layer       M4 - Window step      : 50.0um X 50.0um
# Layer       M4 - Min Density      : 20%
# Layer       M4 - Pref Density     : 35%
# Layer       M4 - Max Density      : 80%
# Layer       M4 - Ext Density      : 35%
# Layer       M5 - Window size      : 100.0um X 100.0um
# Layer       M5 - Window step      : 50.0um X 50.0um
# Layer       M5 - Min Density      : 20%
# Layer       M5 - Pref Density     : 35%
# Layer       M5 - Max Density      : 80%
# Layer       M5 - Ext Density      : 35%
###############################################################


    Layer    Density(%)          Window  
***************************************************

      M5        4.17    (0 0) (100 100)
      M5        7.22    (50 0) (150 100)
      M5        7.42    (100 0) (200 100)
      M5        7.35    (150 0) (250 100)
      M5        4.30    (200 0) (300 100)
      M5        3.03    (215.84 0) (315.84 100)
      M5        7.44    (0 50) (100 150)
      M5       13.18    (50 50) (150 150)
      M5       11.90    (100 50) (200 150)
      M5       10.83    (150 50) (250 150)
      M5        7.11    (200 50) (300 150)
      M5        5.49    (215.84 50) (315.84 150)
      M5        7.04    (0 100) (100 200)
      M5       12.64    (50 100) (150 200)
      M5        9.46    (100 100) (200 200)
      M5        8.49    (150 100) (250 200)
      M5        6.80    (200 100) (300 200)
      M5        5.50    (215.84 100) (315.84 200)
      M5        6.28    (0 150) (100 250)
      M5       12.62    (50 150) (150 250)
      M5       10.55    (100 150) (200 250)
      M5        9.28    (150 150) (250 250)
      M5        6.65    (200 150) (300 250)
      M5        4.98    (215.84 150) (315.84 250)
      M5        4.28    (0 200) (100 300)
      M5       10.04    (50 200) (150 300)
      M5        9.21    (100 200) (200 300)
      M5        7.20    (150 200) (250 300)
      M5        4.28    (200 200) (300 300)
      M5        3.05    (215.84 200) (315.84 300)
      M5        3.32    (0 213.76) (100 313.76)
      M5        8.21    (50 213.76) (150 313.76)
      M5        7.68    (100 213.76) (200 313.76)
      M5        5.90    (150 213.76) (250 313.76)
      M5        3.57    (200 213.76) (300 313.76)
      M5        2.60    (215.84 213.76) (315.84 313.76)

      M4        3.91    (0 0) (100 100)
      M4        5.18    (50 0) (150 100)
      M4        5.87    (100 0) (200 100)
      M4        6.68    (150 0) (250 100)
      M4        4.88    (200 0) (300 100)
      M4        3.78    (215.84 0) (315.84 100)
      M4       11.44    (0 50) (100 150)
      M4       12.66    (50 50) (150 150)
      M4       11.42    (100 50) (200 150)
      M4       12.66    (150 50) (250 150)
      M4       10.27    (200 50) (300 150)
      M4        7.83    (215.84 50) (315.84 150)
      M4       16.85    (0 100) (100 200)
      M4       19.28    (50 100) (150 200)
      M4       16.94    (100 100) (200 200)
      M4       16.39    (150 100) (250 200)
      M4       12.71    (200 100) (300 200)
      M4        9.81    (215.84 100) (315.84 200)
      M4       15.80    (0 150) (100 250)
      M4       15.22    (200 150) (300 250)
      M4       12.17    (215.84 150) (315.84 250)
      M4        7.53    (0 200) (100 300)
      M4       12.24    (50 200) (150 300)
      M4       13.73    (100 200) (200 300)
      M4       14.12    (150 200) (250 300)
      M4       10.32    (200 200) (300 300)
      M4        8.08    (215.84 200) (315.84 300)
      M4        5.10    (0 213.76) (100 313.76)
      M4        9.14    (50 213.76) (150 313.76)
      M4       10.67    (100 213.76) (200 313.76)
      M4       11.11    (150 213.76) (250 313.76)
      M4        8.13    (200 213.76) (300 313.76)
      M4        6.30    (215.84 213.76) (315.84 313.76)

      M3        5.15    (0 0) (100 100)
      M3        6.63    (50 0) (150 100)
      M3        5.96    (100 0) (200 100)
      M3        7.82    (150 0) (250 100)
      M3        5.68    (200 0) (300 100)
      M3        4.20    (215.84 0) (315.84 100)
      M3        7.41    (0 50) (100 150)
      M3        9.09    (50 50) (150 150)
      M3        7.68    (100 50) (200 150)
      M3        8.89    (150 50) (250 150)
      M3        7.06    (200 50) (300 150)
      M3        5.88    (215.84 50) (315.84 150)
      M3        7.04    (0 100) (100 200)
      M3        9.22    (50 100) (150 200)
      M3        7.42    (100 100) (200 200)
      M3        7.84    (150 100) (250 200)
      M3        6.15    (200 100) (300 200)
      M3        5.56    (215.84 100) (315.84 200)
      M3        6.13    (0 150) (100 250)
      M3        9.09    (50 150) (150 250)
      M3        6.92    (100 150) (200 250)
      M3        6.89    (150 150) (250 250)
      M3        5.74    (200 150) (300 250)
      M3        5.29    (215.84 150) (315.84 250)
      M3        6.07    (0 200) (100 300)
      M3        9.77    (50 200) (150 300)
      M3        8.08    (100 200) (200 300)
      M3        7.91    (150 200) (250 300)
      M3        6.20    (200 200) (300 300)
      M3        5.18    (215.84 200) (315.84 300)
      M3        4.98    (0 213.76) (100 313.76)
      M3        8.34    (50 213.76) (150 313.76)
      M3        7.36    (100 213.76) (200 313.76)
      M3        7.37    (150 213.76) (250 313.76)
      M3        5.81    (200 213.76) (300 313.76)
      M3        4.88    (215.84 213.76) (315.84 313.76)

      M2       13.70    (0 0) (100 100)
      M2        5.59    (50 0) (150 100)
      M2        6.81    (100 0) (200 100)
      M2        6.17    (150 0) (250 100)
      M2       14.43    (200 0) (300 100)
      M2       13.58    (215.84 0) (315.84 100)
      M2        8.70    (50 50) (150 150)
      M2        8.96    (100 50) (200 150)
      M2        9.00    (150 50) (250 150)
      M2       19.67    (215.84 50) (315.84 150)
      M2       10.00    (50 100) (150 200)
      M2        9.70    (100 100) (200 200)
      M2        9.56    (150 100) (250 200)
      M2       10.65    (50 150) (150 250)
      M2       10.94    (100 150) (200 250)
      M2       10.69    (150 150) (250 250)
      M2       17.35    (0 200) (100 300)
      M2        7.34    (50 200) (150 300)
      M2        7.62    (100 200) (200 300)
      M2        7.68    (150 200) (250 300)
      M2       18.22    (200 200) (300 300)
      M2       17.06    (215.84 200) (315.84 300)
      M2       14.37    (0 213.76) (100 313.76)
      M2        5.97    (50 213.76) (150 313.76)
      M2        6.32    (100 213.76) (200 313.76)
      M2        6.46    (150 213.76) (250 313.76)
      M2       15.28    (200 213.76) (300 313.76)
      M2       14.26    (215.84 213.76) (315.84 313.76)

      M1       18.99    (0 0) (100 100)
      M1       19.02    (215.84 0) (315.84 100)
      M1       14.38    (0 50) (100 150)
      M1       17.62    (200 50) (300 150)
      M1       14.23    (215.84 50) (315.84 150)
      M1       14.74    (0 100) (100 200)
      M1       17.40    (200 100) (300 200)
      M1       14.26    (215.84 100) (315.84 200)
      M1       14.42    (0 150) (100 250)
      M1       17.35    (200 150) (300 250)
      M1       14.24    (215.84 150) (315.84 250)
      M1       18.68    (0 213.76) (100 313.76)
      M1       18.94    (215.84 213.76) (315.84 313.76)


A total of 146 density violation(s).
Windows < Min. Density = 146
Windows > Max. Density = 0
Windows < Min. Union. Density = 0
Windows > Max. Union. Density = 0
